<?xml version="1.0" encoding="UTF-8"?>
<!-- Generated by org.testng.reporters.JUnitReportReporter -->
<testsuite hostname="Jubhajit" failures="0" tests="2" name="HRS_Online_booking_portal.Tests.TC_01" time="45.119" errors="0" timestamp="2024-03-07T00:49:22 IST" skipped="0">
  <testcase classname="HRS_Online_booking_portal.Tests.TC_01" name="searchHotel" time="20.359"/>
  <system-out/>
  <testcase classname="HRS_Online_booking_portal.Tests.TC_01" name="searchHotel" time="24.760"/>
  <system-out/>
</testsuite> <!-- HRS_Online_booking_portal.Tests.TC_01 -->
